2018-01-15 20:42:10Controller:app\Controller\IndexController  action:index
2018-01-15 20:56:20Controller:app\Controller\IndexController  action:index
2018-01-15 20:59:49Controller:app\Controller\IndexController  action:index
2018-01-15 21:11:31Controller:app\Controller\IndexController  action:index
2018-01-15 21:12:34Controller:app\Controller\IndexController  action:index
2018-01-15 21:13:53Controller:app\Controller\IndexController  action:index
2018-01-15 21:14:26Controller:app\Controller\IndexController  action:index
2018-01-15 21:16:23Controller:app\Controller\IndexController  action:index
2018-01-15 21:17:31Controller:app\Controller\IndexController  action:index
2018-01-15 21:24:33Controller:app\Controller\ResourceController  action:js
2018-01-15 21:24:36Controller:app\Controller\IndexController  action:index
2018-01-15 21:24:37Controller:app\Controller\ResourceController  action:js
2018-01-15 21:24:42Controller:app\Controller\IndexController  action:getShopList
2018-01-15 21:25:25Controller:app\Controller\IndexController  action:index
2018-01-15 21:25:26Controller:app\Controller\ResourceController  action:js
2018-01-15 21:25:33Controller:app\Controller\IndexController  action:getShopList
2018-01-15 21:25:35Controller:app\Controller\IndexController  action:getShopList
2018-01-15 21:26:29Controller:app\Controller\IndexController  action:index
2018-01-15 21:26:29Controller:app\Controller\ResourceController  action:js
2018-01-15 21:26:32Controller:app\Controller\IndexController  action:getShopList
2018-01-15 21:27:38Controller:app\Controller\IndexController  action:index
2018-01-15 21:27:39Controller:app\Controller\ResourceController  action:js
2018-01-15 21:27:41Controller:app\Controller\IndexController  action:getShopList
2018-01-15 21:28:12Controller:app\Controller\IndexController  action:index
2018-01-15 21:28:13Controller:app\Controller\ResourceController  action:js
2018-01-15 21:28:15Controller:app\Controller\IndexController  action:getShopList
2018-01-15 21:28:24Controller:app\Controller\IndexController  action:index
2018-01-15 21:28:24Controller:app\Controller\ResourceController  action:js
2018-01-15 21:28:29Controller:app\Controller\IndexController  action:getShopList
2018-01-15 21:28:54Controller:app\Controller\IndexController  action:getShopList
2018-01-15 21:31:31Controller:app\Controller\IndexController  action:index
2018-01-15 21:31:32Controller:app\Controller\ResourceController  action:js
2018-01-15 21:32:05Controller:app\Controller\IndexController  action:index
2018-01-15 21:32:05Controller:app\Controller\ResourceController  action:js
2018-01-15 21:32:22Controller:app\Controller\IndexController  action:index
2018-01-15 21:32:22Controller:app\Controller\ResourceController  action:js
2018-01-15 21:32:33Controller:app\Controller\IndexController  action:getShopList
2018-01-15 21:32:35Controller:app\Controller\IndexController  action:getShopList
2018-01-15 21:32:37Controller:app\Controller\IndexController  action:getShopList
2018-01-15 21:32:40Controller:app\Controller\IndexController  action:getShopList
2018-01-15 21:32:41Controller:app\Controller\IndexController  action:getShopList
2018-01-16 13:08:48Controller:app\Controller\IndexController  action:index
2018-01-16 13:09:48Controller:app\Controller\AdminController  action:index
2018-01-16 13:09:48Controller:app\Controller\CommonController  action:login
2018-01-16 13:10:07Controller:app\Controller\CommonController  action:login
2018-01-16 13:10:08Controller:app\Controller\AdminController  action:index
2018-01-16 13:11:16Controller:app\Controller\IndexController  action:getShopList
2018-01-16 13:11:17Controller:app\Controller\IndexController  action:getShopList
2018-01-16 13:11:19Controller:app\Controller\IndexController  action:getShopList
2018-01-16 13:11:23Controller:app\Controller\IndexController  action:getShopList
2018-01-16 13:15:29Controller:app\Controller\IndexController  action:index
2018-01-16 13:15:33Controller:app\Controller\IndexController  action:getShopList
2018-01-16 13:15:36Controller:app\Controller\IndexController  action:getShopList
2018-01-16 13:15:47Controller:app\Controller\ResourceController  action:js
2018-01-16 13:15:50Controller:app\Controller\IndexController  action:submitApplication
2018-01-16 13:16:31Controller:app\Controller\IndexController  action:index
2018-01-16 13:16:32Controller:app\Controller\ResourceController  action:js
2018-01-16 13:20:33Controller:app\Controller\IndexController  action:submitApplication
2018-01-16 13:37:40Controller:app\Controller\IndexController  action:index
2018-01-16 13:37:40Controller:app\Controller\ResourceController  action:js
2018-01-16 13:37:48Controller:app\Controller\IndexController  action:submitApplication
2018-01-16 13:37:51Controller:app\Controller\IndexController  action:index
2018-01-16 13:37:52Controller:app\Controller\ResourceController  action:js
2018-01-16 13:39:12Controller:app\Controller\IndexController  action:submitApplication
2018-01-16 13:39:54Controller:app\Controller\IndexController  action:index
2018-01-16 13:39:55Controller:app\Controller\ResourceController  action:js
2018-01-16 13:40:04Controller:app\Controller\IndexController  action:submitApplication
2018-01-16 13:40:06Controller:app\Controller\IndexController  action:index
2018-01-16 13:40:06Controller:app\Controller\ResourceController  action:js
2018-01-16 13:40:27Controller:app\Controller\IndexController  action:index
2018-01-16 13:40:27Controller:app\Controller\ResourceController  action:js
2018-01-16 13:40:33Controller:app\Controller\IndexController  action:getShopList
2018-01-16 13:40:34Controller:app\Controller\IndexController  action:getShopList
2018-01-16 13:40:36Controller:app\Controller\IndexController  action:getShopList
2018-01-16 13:40:50Controller:app\Controller\IndexController  action:submitApplication
2018-01-16 13:40:51Controller:app\Controller\IndexController  action:index
2018-01-16 13:40:51Controller:app\Controller\ResourceController  action:js
2018-01-16 13:41:00Controller:app\Controller\AdminController  action:orderList
2018-01-16 13:44:46Controller:app\Controller\AdminController  action:orderList
2018-01-16 13:46:55Controller:app\Controller\AdminController  action:orderList
2018-01-16 13:46:57Controller:app\Controller\IndexController  action:getShopList
2018-01-16 13:46:59Controller:app\Controller\IndexController  action:getShopList
2018-01-16 13:47:02Controller:app\Controller\IndexController  action:getShopList
2018-01-16 13:47:09Controller:app\Controller\IndexController  action:getShopList
2018-01-16 13:47:27Controller:app\Controller\IndexController  action:getShopList
2018-01-16 13:47:30Controller:app\Controller\IndexController  action:getShopList
2018-01-16 13:47:52Controller:app\Controller\IndexController  action:getShopList
2018-01-16 13:47:54Controller:app\Controller\IndexController  action:getShopList
2018-01-16 14:03:20Controller:app\Controller\AdminController  action:orderList
2018-01-16 14:05:00Controller:app\Controller\AdminController  action:orderList
2018-01-16 14:05:09Controller:app\Controller\IndexController  action:getShopList
2018-01-16 14:05:12Controller:app\Controller\AdminController  action:orderList
2018-01-16 14:05:14Controller:app\Controller\IndexController  action:getShopList
2018-01-16 14:05:20Controller:app\Controller\AdminController  action:orderList
2018-01-16 14:05:23Controller:app\Controller\IndexController  action:getShopList
2018-01-16 14:05:26Controller:app\Controller\AdminController  action:orderList
2018-01-16 14:05:30Controller:app\Controller\IndexController  action:getShopList
2018-01-16 14:05:34Controller:app\Controller\AdminController  action:orderList
2018-01-16 14:06:12Controller:app\Controller\AdminController  action:orderList
2018-01-16 14:06:15Controller:app\Controller\AdminController  action:orderList
2018-01-16 14:07:05Controller:app\Controller\AdminController  action:orderList
2018-01-16 14:08:08Controller:app\Controller\AdminController  action:orderList
2018-01-16 14:08:09Controller:app\Controller\AdminController  action:downloadOrder
2018-01-16 14:08:25Controller:app\Controller\AdminController  action:orderList
2018-01-16 14:08:49Controller:app\Controller\AdminController  action:downloadOrder
2018-01-16 14:09:23Controller:app\Controller\AdminController  action:orderList
2018-01-16 14:09:25Controller:app\Controller\AdminController  action:orderList
2018-01-16 14:11:01Controller:app\Controller\AdminController  action:orderList
2018-01-16 14:11:03Controller:app\Controller\AdminController  action:downloadOrder
2018-01-16 14:12:13Controller:app\Controller\AdminController  action:downloadOrder
2018-01-16 14:12:43Controller:app\Controller\AdminController  action:orderList
2018-01-16 14:12:46Controller:app\Controller\UserController  action:index
2018-01-16 14:12:47Controller:app\Controller\AdminController  action:orderList
2018-01-16 14:12:48Controller:app\Controller\UserController  action:index
2018-01-16 14:12:49Controller:app\Controller\AdminController  action:orderList
2018-01-16 14:12:53Controller:app\Controller\IndexController  action:getShopList
2018-01-16 14:12:53Controller:app\Controller\AdminController  action:orderList
2018-01-16 14:12:54Controller:app\Controller\AdminController  action:downloadOrder
2018-01-16 14:23:32Controller:app\Controller\AdminController  action:orderList
